Analysis & Synthesis report for TermProject
Tue Dec 21 02:45:59 2021
Quartus Prime Version 20.1.1 Build 720 11/11/2020 SJ Lite Edition


---------------------
; Table of Contents ;
---------------------
  1. Legal Notice
  2. Analysis & Synthesis Summary
  3. Analysis & Synthesis Settings
  4. Parallel Compilation
  5. Analysis & Synthesis Source Files Read
  6. Analysis & Synthesis Resource Usage Summary
  7. Analysis & Synthesis Resource Utilization by Entity
  8. General Register Statistics
  9. Analysis & Synthesis Messages



----------------
; Legal Notice ;
----------------
Copyright (C) 2020  Intel Corporation. All rights reserved.
Your use of Intel Corporation's design tools, logic functions 
and other software and tools, and any partner logic 
functions, and any output files from any of the foregoing 
(including device programming or simulation files), and any 
associated documentation or information are expressly subject 
to the terms and conditions of the Intel Program License 
Subscription Agreement, the Intel Quartus Prime License Agreement,
the Intel FPGA IP License Agreement, or other applicable license
agreement, including, without limitation, that your use is for
the sole purpose of programming logic devices manufactured by
Intel and sold by Intel or its authorized distributors.  Please
refer to the applicable agreement for further details, at
https://fpgasoftware.intel.com/eula.



+---------------------------------------------------------------------------+
; Analysis & Synthesis Summary                                              ;
+-----------------------------+---------------------------------------------+
; Analysis & Synthesis Status ; Successful - Tue Dec 21 02:45:59 2021       ;
; Quartus Prime Version       ; 20.1.1 Build 720 11/11/2020 SJ Lite Edition ;
; Revision Name               ; TermProject                                 ;
; Top-level Entity Name       ; step3                                       ;
; Family                      ; MAX V                                       ;
; Total logic elements        ; 28                                          ;
; Total pins                  ; 79                                          ;
; Total virtual pins          ; 0                                           ;
; UFM blocks                  ; 0 / 1 ( 0 % )                               ;
+-----------------------------+---------------------------------------------+


+------------------------------------------------------------------------------------------------------------+
; Analysis & Synthesis Settings                                                                              ;
+------------------------------------------------------------------+--------------------+--------------------+
; Option                                                           ; Setting            ; Default Value      ;
+------------------------------------------------------------------+--------------------+--------------------+
; Top-level entity name                                            ; step3              ; TermProject        ;
; Family name                                                      ; MAX V              ; Cyclone V          ;
; Use smart compilation                                            ; Off                ; Off                ;
; Enable parallel Assembler and Timing Analyzer during compilation ; On                 ; On                 ;
; Enable compact report table                                      ; Off                ; Off                ;
; Restructure Multiplexers                                         ; Auto               ; Auto               ;
; Create Debugging Nodes for IP Cores                              ; Off                ; Off                ;
; Preserve fewer node names                                        ; On                 ; On                 ;
; Intel FPGA IP Evaluation Mode                                    ; Enable             ; Enable             ;
; Verilog Version                                                  ; Verilog_2001       ; Verilog_2001       ;
; VHDL Version                                                     ; VHDL_1993          ; VHDL_1993          ;
; State Machine Processing                                         ; Auto               ; Auto               ;
; Safe State Machine                                               ; Off                ; Off                ;
; Extract Verilog State Machines                                   ; On                 ; On                 ;
; Extract VHDL State Machines                                      ; On                 ; On                 ;
; Ignore Verilog initial constructs                                ; Off                ; Off                ;
; Iteration limit for constant Verilog loops                       ; 5000               ; 5000               ;
; Iteration limit for non-constant Verilog loops                   ; 250                ; 250                ;
; Add Pass-Through Logic to Inferred RAMs                          ; On                 ; On                 ;
; Infer RAMs from Raw Logic                                        ; On                 ; On                 ;
; Parallel Synthesis                                               ; On                 ; On                 ;
; NOT Gate Push-Back                                               ; On                 ; On                 ;
; Power-Up Don't Care                                              ; On                 ; On                 ;
; Remove Redundant Logic Cells                                     ; Off                ; Off                ;
; Remove Duplicate Registers                                       ; On                 ; On                 ;
; Ignore CARRY Buffers                                             ; Off                ; Off                ;
; Ignore CASCADE Buffers                                           ; Off                ; Off                ;
; Ignore GLOBAL Buffers                                            ; Off                ; Off                ;
; Ignore ROW GLOBAL Buffers                                        ; Off                ; Off                ;
; Ignore LCELL Buffers                                             ; Off                ; Off                ;
; Ignore SOFT Buffers                                              ; On                 ; On                 ;
; Limit AHDL Integers to 32 Bits                                   ; Off                ; Off                ;
; Optimization Technique                                           ; Balanced           ; Balanced           ;
; Carry Chain Length                                               ; 70                 ; 70                 ;
; Auto Carry Chains                                                ; On                 ; On                 ;
; Auto Open-Drain Pins                                             ; On                 ; On                 ;
; Perform WYSIWYG Primitive Resynthesis                            ; Off                ; Off                ;
; Auto Shift Register Replacement                                  ; Auto               ; Auto               ;
; Allow Shift Register Merging across Hierarchies                  ; Auto               ; Auto               ;
; Auto Clock Enable Replacement                                    ; On                 ; On                 ;
; Allow Synchronous Control Signals                                ; On                 ; On                 ;
; Force Use of Synchronous Clear Signals                           ; Off                ; Off                ;
; Auto Resource Sharing                                            ; Off                ; Off                ;
; Use LogicLock Constraints during Resource Balancing              ; On                 ; On                 ;
; Ignore translate_off and synthesis_off directives                ; Off                ; Off                ;
; Report Parameter Settings                                        ; On                 ; On                 ;
; Report Source Assignments                                        ; On                 ; On                 ;
; Report Connectivity Checks                                       ; On                 ; On                 ;
; Ignore Maximum Fan-Out Assignments                               ; Off                ; Off                ;
; Synchronization Register Chain Length                            ; 2                  ; 2                  ;
; Power Optimization During Synthesis                              ; Normal compilation ; Normal compilation ;
; HDL message level                                                ; Level2             ; Level2             ;
; Suppress Register Optimization Related Messages                  ; Off                ; Off                ;
; Number of Removed Registers Reported in Synthesis Report         ; 5000               ; 5000               ;
; Number of Swept Nodes Reported in Synthesis Report               ; 5000               ; 5000               ;
; Number of Inverted Registers Reported in Synthesis Report        ; 100                ; 100                ;
; Clock MUX Protection                                             ; On                 ; On                 ;
; Block Design Naming                                              ; Auto               ; Auto               ;
; Synthesis Effort                                                 ; Auto               ; Auto               ;
; Shift Register Replacement - Allow Asynchronous Clear Signal     ; On                 ; On                 ;
; Analysis & Synthesis Message Level                               ; Medium             ; Medium             ;
; Disable Register Merging Across Hierarchies                      ; Auto               ; Auto               ;
+------------------------------------------------------------------+--------------------+--------------------+


+------------------------------------------+
; Parallel Compilation                     ;
+----------------------------+-------------+
; Processors                 ; Number      ;
+----------------------------+-------------+
; Number detected on machine ; 16          ;
; Maximum allowed            ; 16          ;
;                            ;             ;
; Average used               ; 1.00        ;
; Maximum used               ; 1           ;
;                            ;             ;
; Usage by Processor         ; % Time Used ;
;     Processor 1            ; 100.0%      ;
+----------------------------+-------------+


+---------------------------------------------------------------------------------------------------------------------------------------------+
; Analysis & Synthesis Source Files Read                                                                                                      ;
+----------------------------------+-----------------+------------------------------------------+-----------------------------------+---------+
; File Name with User-Entered Path ; Used in Netlist ; File Type                                ; File Name with Absolute Path      ; Library ;
+----------------------------------+-----------------+------------------------------------------+-----------------------------------+---------+
; mux_2x1.bdf                      ; yes             ; User Block Diagram/Schematic File        ; D:/TermProject/mux_2x1.bdf        ;         ;
; cmp_4bit.bdf                     ; yes             ; User Block Diagram/Schematic File        ; D:/TermProject/cmp_4bit.bdf       ;         ;
; rippleCarry_s.bdf                ; yes             ; User Block Diagram/Schematic File        ; D:/TermProject/rippleCarry_s.bdf  ;         ;
; four_bitx1tox2.bdf               ; yes             ; User Block Diagram/Schematic File        ; D:/TermProject/four_bitx1tox2.bdf ;         ;
; step3.bdf                        ; yes             ; User Block Diagram/Schematic File        ; D:/TermProject/step3.bdf          ;         ;
; halfadder_s.bdf                  ; yes             ; Auto-Found Block Diagram/Schematic File  ; D:/TermProject/halfadder_s.bdf    ;         ;
; fulladder_s.bdf                  ; yes             ; Auto-Found Block Diagram/Schematic File  ; D:/TermProject/fulladder_s.bdf    ;         ;
+----------------------------------+-----------------+------------------------------------------+-----------------------------------+---------+


+-----------------------------------------------------+
; Analysis & Synthesis Resource Usage Summary         ;
+---------------------------------------------+-------+
; Resource                                    ; Usage ;
+---------------------------------------------+-------+
; Total logic elements                        ; 28    ;
;     -- Combinational with no register       ; 28    ;
;     -- Register only                        ; 0     ;
;     -- Combinational with a register        ; 0     ;
;                                             ;       ;
; Logic element usage by number of LUT inputs ;       ;
;     -- 4 input functions                    ; 20    ;
;     -- 3 input functions                    ; 6     ;
;     -- 2 input functions                    ; 2     ;
;     -- 1 input functions                    ; 0     ;
;     -- 0 input functions                    ; 0     ;
;                                             ;       ;
; Logic elements by mode                      ;       ;
;     -- normal mode                          ; 28    ;
;     -- arithmetic mode                      ; 0     ;
;     -- qfbk mode                            ; 0     ;
;     -- register cascade mode                ; 0     ;
;     -- synchronous clear/load mode          ; 0     ;
;     -- asynchronous clear/load mode         ; 0     ;
;                                             ;       ;
; Total registers                             ; 0     ;
; I/O pins                                    ; 79    ;
; Maximum fan-out node                        ; step3 ;
; Maximum fan-out                             ; 10    ;
; Total fan-out                               ; 111   ;
; Average fan-out                             ; 1.04  ;
+---------------------------------------------+-------+


+----------------------------------------------------------------------------------------------------------------------------------------------------------------------------------------------------------------------------------------------------------------+
; Analysis & Synthesis Resource Utilization by Entity                                                                                                                                                                                                            ;
+----------------------------+-------------+--------------+------------+------+--------------+--------------+-------------------+------------------+-----------------+------------+-----------------------------------------------+---------------+--------------+
; Compilation Hierarchy Node ; Logic Cells ; LC Registers ; UFM Blocks ; Pins ; Virtual Pins ; LUT-Only LCs ; Register-Only LCs ; LUT/Register LCs ; Carry Chain LCs ; Packed LCs ; Full Hierarchy Name                           ; Entity Name   ; Library Name ;
+----------------------------+-------------+--------------+------------+------+--------------+--------------+-------------------+------------------+-----------------+------------+-----------------------------------------------+---------------+--------------+
; |step3                     ; 28 (0)      ; 0            ; 0          ; 79   ; 0            ; 28 (0)       ; 0 (0)             ; 0 (0)            ; 0 (0)           ; 0 (0)      ; |step3                                        ;               ;              ;
;    |cmp_4bit:inst101|      ; 3 (3)       ; 0            ; 0          ; 0    ; 0            ; 3 (3)        ; 0 (0)             ; 0 (0)            ; 0 (0)           ; 0 (0)      ; |step3|cmp_4bit:inst101                       ; cmp_4bit      ; work         ;
;    |cmp_4bit:inst1111|     ; 3 (3)       ; 0            ; 0          ; 0    ; 0            ; 3 (3)        ; 0 (0)             ; 0 (0)            ; 0 (0)           ; 0 (0)      ; |step3|cmp_4bit:inst1111                      ; cmp_4bit      ; work         ;
;    |cmp_4bit:inst6|        ; 3 (3)       ; 0            ; 0          ; 0    ; 0            ; 3 (3)        ; 0 (0)             ; 0 (0)            ; 0 (0)           ; 0 (0)      ; |step3|cmp_4bit:inst6                         ; cmp_4bit      ; work         ;
;    |cmp_4bit:inst7|        ; 3 (3)       ; 0            ; 0          ; 0    ; 0            ; 3 (3)        ; 0 (0)             ; 0 (0)            ; 0 (0)           ; 0 (0)      ; |step3|cmp_4bit:inst7                         ; cmp_4bit      ; work         ;
;    |cmp_4bit:inst8888|     ; 3 (3)       ; 0            ; 0          ; 0    ; 0            ; 3 (3)        ; 0 (0)             ; 0 (0)            ; 0 (0)           ; 0 (0)      ; |step3|cmp_4bit:inst8888                      ; cmp_4bit      ; work         ;
;    |cmp_4bit:inst9|        ; 2 (2)       ; 0            ; 0          ; 0    ; 0            ; 2 (2)        ; 0 (0)             ; 0 (0)            ; 0 (0)           ; 0 (0)      ; |step3|cmp_4bit:inst9                         ; cmp_4bit      ; work         ;
;    |fullAdder_s:inst81|    ; 4 (1)       ; 0            ; 0          ; 0    ; 0            ; 4 (1)        ; 0 (0)             ; 0 (0)            ; 0 (0)           ; 0 (0)      ; |step3|fullAdder_s:inst81                     ; fullAdder_s   ; work         ;
;       |halfAdder_s:inst|   ; 3 (3)       ; 0            ; 0          ; 0    ; 0            ; 3 (3)        ; 0 (0)             ; 0 (0)            ; 0 (0)           ; 0 (0)      ; |step3|fullAdder_s:inst81|halfAdder_s:inst    ; halfAdder_s   ; work         ;
;    |fullAdder_s:inst8|     ; 3 (1)       ; 0            ; 0          ; 0    ; 0            ; 3 (1)        ; 0 (0)             ; 0 (0)            ; 0 (0)           ; 0 (0)      ; |step3|fullAdder_s:inst8                      ; fullAdder_s   ; work         ;
;       |halfAdder_s:inst|   ; 2 (2)       ; 0            ; 0          ; 0    ; 0            ; 2 (2)        ; 0 (0)             ; 0 (0)            ; 0 (0)           ; 0 (0)      ; |step3|fullAdder_s:inst8|halfAdder_s:inst     ; halfAdder_s   ; work         ;
;    |rippleCarry_s:inst10|  ; 4 (0)       ; 0            ; 0          ; 0    ; 0            ; 4 (0)        ; 0 (0)             ; 0 (0)            ; 0 (0)           ; 0 (0)      ; |step3|rippleCarry_s:inst10                   ; rippleCarry_s ; work         ;
;       |fullAdder_s:inst1|  ; 2 (2)       ; 0            ; 0          ; 0    ; 0            ; 2 (2)        ; 0 (0)             ; 0 (0)            ; 0 (0)           ; 0 (0)      ; |step3|rippleCarry_s:inst10|fullAdder_s:inst1 ; fullAdder_s   ; work         ;
;       |halfAdder_s:inst|   ; 2 (2)       ; 0            ; 0          ; 0    ; 0            ; 2 (2)        ; 0 (0)             ; 0 (0)            ; 0 (0)           ; 0 (0)      ; |step3|rippleCarry_s:inst10|halfAdder_s:inst  ; halfAdder_s   ; work         ;
+----------------------------+-------------+--------------+------------+------+--------------+--------------+-------------------+------------------+-----------------+------------+-----------------------------------------------+---------------+--------------+
Note: For table entries with two numbers listed, the numbers in parentheses indicate the number of resources of the given type used by the specific entity alone. The numbers listed outside of parentheses indicate the total resources of the given type used by the specific entity and all of its sub-entities in the hierarchy.


+------------------------------------------------------+
; General Register Statistics                          ;
+----------------------------------------------+-------+
; Statistic                                    ; Value ;
+----------------------------------------------+-------+
; Total registers                              ; 0     ;
; Number of registers using Synchronous Clear  ; 0     ;
; Number of registers using Synchronous Load   ; 0     ;
; Number of registers using Asynchronous Clear ; 0     ;
; Number of registers using Asynchronous Load  ; 0     ;
; Number of registers using Clock Enable       ; 0     ;
; Number of registers using Preset             ; 0     ;
+----------------------------------------------+-------+


+-------------------------------+
; Analysis & Synthesis Messages ;
+-------------------------------+
Info: *******************************************************************
Info: Running Quartus Prime Analysis & Synthesis
    Info: Version 20.1.1 Build 720 11/11/2020 SJ Lite Edition
    Info: Processing started: Tue Dec 21 02:45:47 2021
Info: Command: quartus_map --read_settings_files=on --write_settings_files=off TermProject -c TermProject
Warning (18236): Number of processors has not been specified which may cause overloading on shared machines.  Set the global assignment NUM_PARALLEL_PROCESSORS in your QSF to an appropriate value for best performance.
Info (20030): Parallel compilation is enabled and will use 16 of the 16 processors detected
Info (12021): Found 1 design units, including 1 entities, in source file four_bir_reg.bdf
    Info (12023): Found entity 1: four_bir_reg
Info (12021): Found 1 design units, including 1 entities, in source file mx_4bit_2x1.bdf
    Info (12023): Found entity 1: mx_4bit_2x1
Info (12021): Found 1 design units, including 1 entities, in source file d2b.bdf
    Info (12023): Found entity 1: d2b
Info (12021): Found 1 design units, including 1 entities, in source file trigger.bdf
    Info (12023): Found entity 1: trigger
Info (12021): Found 1 design units, including 1 entities, in source file test.bdf
    Info (12023): Found entity 1: test
Info (12021): Found 1 design units, including 1 entities, in source file mux_2x1.bdf
    Info (12023): Found entity 1: mux_2x1
Info (12021): Found 1 design units, including 1 entities, in source file btoseg.bdf
    Info (12023): Found entity 1: BtoSeg
Info (12021): Found 1 design units, including 1 entities, in source file count8.bdf
    Info (12023): Found entity 1: count8
Info (12021): Found 1 design units, including 1 entities, in source file test2.bdf
    Info (12023): Found entity 1: test2
Info (12021): Found 1 design units, including 1 entities, in source file threetoeight.bdf
    Info (12023): Found entity 1: ThreetoEight
Info (12021): Found 1 design units, including 1 entities, in source file mx_4bit_4x1.bdf
    Info (12023): Found entity 1: mx_4bit_4x1
Info (12021): Found 1 design units, including 1 entities, in source file cmp_4bit.bdf
    Info (12023): Found entity 1: cmp_4bit
Info (12021): Found 1 design units, including 1 entities, in source file cmp_answer.bdf
    Info (12023): Found entity 1: cmp_answer
Info (12021): Found 1 design units, including 1 entities, in source file ripplecarry_s.bdf
    Info (12023): Found entity 1: rippleCarry_s
Warning (12019): Can't analyze file -- file ThreetoEight.v is missing
Warning (12019): Can't analyze file -- file mux_2x1.v is missing
Warning (12019): Can't analyze file -- file test2.v is missing
Warning (12019): Can't analyze file -- file mx_4bit_4x1.v is missing
Warning (12019): Can't analyze file -- file count8.v is missing
Warning (12019): Can't analyze file -- file BtoSeg.v is missing
Warning (12019): Can't analyze file -- file test.v is missing
Warning (12019): Can't analyze file -- file trigger.v is missing
Warning (12019): Can't analyze file -- file d2b.v is missing
Warning (12019): Can't analyze file -- file mx_4bit_2x1.v is missing
Warning (12019): Can't analyze file -- file four_bir_reg.v is missing
Warning (12019): Can't analyze file -- file PNU_CLK_DIV.v is missing
Info (12021): Found 1 design units, including 1 entities, in source file four_bitx1tox2.bdf
    Info (12023): Found entity 1: four_bitx1tox2
Info (12021): Found 1 design units, including 1 entities, in source file mx_4bit_8x1.bdf
    Info (12023): Found entity 1: mx_4bit_8x1
Info (12021): Found 1 design units, including 1 entities, in source file test_3sec.bdf
    Info (12023): Found entity 1: test_3sec
Info (12021): Found 1 design units, including 1 entities, in source file step3.bdf
    Info (12023): Found entity 1: step3
Info (12127): Elaborating entity "step3" for the top level hierarchy
Info (12128): Elaborating entity "cmp_4bit" for hierarchy "cmp_4bit:inst1111"
Info (12128): Elaborating entity "four_bitx1tox2" for hierarchy "four_bitx1tox2:inst13"
Warning (275011): Block or symbol "mux_2x1" of instance "inst10" overlaps another block or symbol
Info (12128): Elaborating entity "mux_2x1" for hierarchy "four_bitx1tox2:inst13|mux_2x1:inst8"
Info (12128): Elaborating entity "rippleCarry_s" for hierarchy "rippleCarry_s:inst10"
Warning (12125): Using design file halfadder_s.bdf, which is not specified as a design file for the current project, but contains definitions for 1 design units and 1 entities in project
    Info (12023): Found entity 1: halfAdder_s
Info (12128): Elaborating entity "halfAdder_s" for hierarchy "rippleCarry_s:inst10|halfAdder_s:inst"
Warning (12125): Using design file fulladder_s.bdf, which is not specified as a design file for the current project, but contains definitions for 1 design units and 1 entities in project
    Info (12023): Found entity 1: fullAdder_s
Info (12128): Elaborating entity "fullAdder_s" for hierarchy "rippleCarry_s:inst10|fullAdder_s:inst1"
Warning (13024): Output pins are stuck at VCC or GND
    Warning (13410): Pin "com3[3]" is stuck at VCC
    Warning (13410): Pin "com3[2]" is stuck at VCC
    Warning (13410): Pin "com3[1]" is stuck at VCC
    Warning (13410): Pin "com3[0]" is stuck at VCC
    Warning (13410): Pin "com4[3]" is stuck at VCC
    Warning (13410): Pin "com4[2]" is stuck at VCC
    Warning (13410): Pin "com4[1]" is stuck at VCC
    Warning (13410): Pin "com4[0]" is stuck at VCC
    Warning (13410): Pin "com5[3]" is stuck at VCC
    Warning (13410): Pin "com5[2]" is stuck at VCC
    Warning (13410): Pin "com5[1]" is stuck at VCC
    Warning (13410): Pin "com5[0]" is stuck at VCC
    Warning (13410): Pin "com6[3]" is stuck at VCC
    Warning (13410): Pin "com6[2]" is stuck at VCC
    Warning (13410): Pin "com6[1]" is stuck at VCC
    Warning (13410): Pin "com6[0]" is stuck at VCC
    Warning (13410): Pin "com7[3]" is stuck at GND
    Warning (13410): Pin "com7[2]" is stuck at GND
    Warning (13410): Pin "com7[1]" is stuck at GND
    Warning (13410): Pin "com7[0]" is stuck at GND
    Warning (13410): Pin "com8[3]" is stuck at GND
Info (21057): Implemented 107 device resources after synthesis - the final resource count might be different
    Info (21058): Implemented 49 input pins
    Info (21059): Implemented 30 output pins
    Info (21061): Implemented 28 logic cells
Info: Quartus Prime Analysis & Synthesis was successful. 0 errors, 38 warnings
    Info: Peak virtual memory: 4700 megabytes
    Info: Processing ended: Tue Dec 21 02:45:59 2021
    Info: Elapsed time: 00:00:12
    Info: Total CPU time (on all processors): 00:00:23


